{"level":"info","message":"Hello From Acquistions","service":"acquisitons-api"}
{"level":"info","message":"::ffff:127.0.0.1 - - [24/Oct/2025:18:42:07 +0000] \"GET / HTTP/1.1\" 200 23 \"-\" \"Mozilla/5.0 (Windows NT 10.0; Win64; x64; rv:144.0) Gecko/20100101 Firefox/144.0\"","service":"acquisitons-api"}
{"level":"info","message":"::ffff:127.0.0.1 - - [24/Oct/2025:18:42:07 +0000] \"GET /favicon.ico HTTP/1.1\" 404 150 \"-\" \"Mozilla/5.0 (Windows NT 10.0; Win64; x64; rv:144.0) Gecko/20100101 Firefox/144.0\"","service":"acquisitons-api"}
{"level":"info","message":"Hello From Acquistions","service":"acquisitons-api"}
{"level":"info","message":"::1 - - [24/Oct/2025:18:55:11 +0000] \"GET / HTTP/1.1\" 200 23 \"-\" \"PostmanRuntime/7.48.0\"","service":"acquisitons-api"}
{"level":"info","message":"::1 - - [24/Oct/2025:18:55:30 +0000] \"GET /api HTTP/1.1\" 200 41 \"-\" \"PostmanRuntime/7.48.0\"","service":"acquisitons-api"}
{"level":"info","message":"::1 - - [24/Oct/2025:19:00:17 +0000] \"GET /health HTTP/1.1\" 200 75 \"-\" \"PostmanRuntime/7.48.0\"","service":"acquisitons-api"}
{"level":"info","message":"::1 - - [24/Oct/2025:19:00:32 +0000] \"GET /api/auth/sign-in HTTP/1.1\" 404 155 \"-\" \"PostmanRuntime/7.48.0\"","service":"acquisitons-api"}
{"level":"info","message":"::1 - - [24/Oct/2025:19:04:42 +0000] \"GET /api/auth/sign-in HTTP/1.1\" 404 155 \"-\" \"PostmanRuntime/7.48.0\"","service":"acquisitons-api"}
{"level":"info","message":"::1 - - [24/Oct/2025:19:04:51 +0000] \"POST /api/auth/sign-in HTTP/1.1\" 200 31 \"-\" \"PostmanRuntime/7.48.0\"","service":"acquisitons-api"}
{"level":"info","message":"::1 - - [24/Oct/2025:19:29:09 +0000] \"POST /api/auth/sign-in HTTP/1.1\" 200 31 \"-\" \"PostmanRuntime/7.49.0\"","service":"acquisitons-api"}
{"level":"info","message":"::1 - - [25/Oct/2025:07:49:47 +0000] \"POST /api/auth/sign-in HTTP/1.1\" 200 31 \"-\" \"PostmanRuntime/7.49.0\"","service":"acquisitons-api"}
{"level":"info","message":"::1 - - [25/Oct/2025:07:50:25 +0000] \"POST /api/auth/sign-in HTTP/1.1\" 200 31 \"-\" \"PostmanRuntime/7.49.0\"","service":"acquisitons-api"}
{"level":"info","message":"::1 - - [25/Oct/2025:18:03:05 +0000] \"POST /api/auth/sign-up HTTP/1.1\" - - \"-\" \"PostmanRuntime/7.49.0\"","service":"acquisitons-api"}
{"level":"info","message":"::1 - - [25/Oct/2025:18:03:07 +0000] \"POST /api HTTP/1.1\" 404 143 \"-\" \"PostmanRuntime/7.49.0\"","service":"acquisitons-api"}
{"level":"info","message":"::1 - - [25/Oct/2025:18:03:16 +0000] \"GET /api HTTP/1.1\" 200 41 \"-\" \"PostmanRuntime/7.49.0\"","service":"acquisitons-api"}
{"level":"info","message":"::1 - - [25/Oct/2025:18:03:25 +0000] \"GET /api/auth/sign-up HTTP/1.1\" 404 155 \"-\" \"PostmanRuntime/7.49.0\"","service":"acquisitons-api"}
{"level":"info","message":"::1 - - [25/Oct/2025:18:04:34 +0000] \"POST /api/auth/sign-up HTTP/1.1\" 400 92 \"-\" \"PostmanRuntime/7.49.0\"","service":"acquisitons-api"}
{"level":"info","message":"User","service":"acquisitons-api"}
{"level":"error","message":"Failed to Authenticate token secretOrPrivateKey must have a value","service":"acquisitons-api","stack":"Error: secretOrPrivateKey must have a value\n    at module.exports [as sign] (D:\\devops\\Acquisitions\\node_modules\\jsonwebtoken\\sign.js:111:20)\n    at Object.sign (file:///D:/devops/Acquisitions/src/utils/jwt.js:10:18)\n    at signup (file:///D:/devops/Acquisitions/src/controllers/auth.controller.js:23:28)\n    at process.processTicksAndRejections (node:internal/process/task_queues:105:5)"}
{"level":"error","message":"Signup Error Failed to authenticate token","service":"acquisitons-api","stack":"Error: Failed to authenticate token\n    at Object.sign (file:///D:/devops/Acquisitions/src/utils/jwt.js:13:13)\n    at signup (file:///D:/devops/Acquisitions/src/controllers/auth.controller.js:23:28)\n    at process.processTicksAndRejections (node:internal/process/task_queues:105:5)"}
{"level":"info","message":"::1 - - [25/Oct/2025:19:09:59 +0000] \"POST /api/auth/sign-up HTTP/1.1\" 500 447 \"-\" \"PostmanRuntime/7.49.0\"","service":"acquisitons-api"}
{"level":"info","message":"::1 - - [25/Oct/2025:19:10:41 +0000] \"POST /api/auth/sign-up HTTP/1.1\" 400 92 \"-\" \"PostmanRuntime/7.49.0\"","service":"acquisitons-api"}
{"level":"info","message":"::1 - - [25/Oct/2025:19:13:12 +0000] \"POST /api/auth/sign-up HTTP/1.1\" 400 92 \"-\" \"PostmanRuntime/7.49.0\"","service":"acquisitons-api"}
{"cause":{"code":"23505","constraint":"users_email_unique","detail":"Key (email)=(admin@abhay.com) already exists.","file":"nbtinsert.c","line":"667","name":"NeonDbError","routine":"_bt_check_unique","schema":"public","severity":"ERROR","table":"users"},"level":"error","message":"Error Creating the User: Failed query: insert into \"users\" (\"id\", \"name\", \"email\", \"password\", \"role\", \"created_at\", \"updated_at\") values (default, $1, $2, $3, $4, default, default) returning \"id\", \"name\", \"email\", \"role\", \"created_at\"\nparams: Admin,admin@abhay.com,$2b$10$6pLCsu5.Oyoskl0ENAu6S.3J6UZX0lHPiH8rPuqgS/NMXJOyRbl8m,admin","params":["Admin","admin@abhay.com","$2b$10$6pLCsu5.Oyoskl0ENAu6S.3J6UZX0lHPiH8rPuqgS/NMXJOyRbl8m","admin"],"query":"insert into \"users\" (\"id\", \"name\", \"email\", \"password\", \"role\", \"created_at\", \"updated_at\") values (default, $1, $2, $3, $4, default, default) returning \"id\", \"name\", \"email\", \"role\", \"created_at\"","service":"acquisitons-api","stack":"Error: Failed query: insert into \"users\" (\"id\", \"name\", \"email\", \"password\", \"role\", \"created_at\", \"updated_at\") values (default, $1, $2, $3, $4, default, default) returning \"id\", \"name\", \"email\", \"role\", \"created_at\"\nparams: Admin,admin@abhay.com,$2b$10$6pLCsu5.Oyoskl0ENAu6S.3J6UZX0lHPiH8rPuqgS/NMXJOyRbl8m,admin\n    at NeonHttpPreparedQuery.queryWithCache (file:///D:/devops/Acquisitions/node_modules/drizzle-orm/pg-core/session.js:41:15)\n    at process.processTicksAndRejections (node:internal/process/task_queues:105:5)\n    at async NeonHttpPreparedQuery.execute (file:///D:/devops/Acquisitions/node_modules/drizzle-orm/neon-http/session.js:45:20)\n    at async createUser (file:///D:/devops/Acquisitions/src/services/auth.service.js:29:23)\n    at async signup (file:///D:/devops/Acquisitions/src/controllers/auth.controller.js:21:18)"}
{"cause":{"code":"23505","constraint":"users_email_unique","detail":"Key (email)=(admin@abhay.com) already exists.","file":"nbtinsert.c","line":"667","name":"NeonDbError","routine":"_bt_check_unique","schema":"public","severity":"ERROR","table":"users"},"level":"error","message":"Signup Error Failed query: insert into \"users\" (\"id\", \"name\", \"email\", \"password\", \"role\", \"created_at\", \"updated_at\") values (default, $1, $2, $3, $4, default, default) returning \"id\", \"name\", \"email\", \"role\", \"created_at\"\nparams: Admin,admin@abhay.com,$2b$10$6pLCsu5.Oyoskl0ENAu6S.3J6UZX0lHPiH8rPuqgS/NMXJOyRbl8m,admin","params":["Admin","admin@abhay.com","$2b$10$6pLCsu5.Oyoskl0ENAu6S.3J6UZX0lHPiH8rPuqgS/NMXJOyRbl8m","admin"],"query":"insert into \"users\" (\"id\", \"name\", \"email\", \"password\", \"role\", \"created_at\", \"updated_at\") values (default, $1, $2, $3, $4, default, default) returning \"id\", \"name\", \"email\", \"role\", \"created_at\"","service":"acquisitons-api","stack":"Error: Failed query: insert into \"users\" (\"id\", \"name\", \"email\", \"password\", \"role\", \"created_at\", \"updated_at\") values (default, $1, $2, $3, $4, default, default) returning \"id\", \"name\", \"email\", \"role\", \"created_at\"\nparams: Admin,admin@abhay.com,$2b$10$6pLCsu5.Oyoskl0ENAu6S.3J6UZX0lHPiH8rPuqgS/NMXJOyRbl8m,admin\n    at NeonHttpPreparedQuery.queryWithCache (file:///D:/devops/Acquisitions/node_modules/drizzle-orm/pg-core/session.js:41:15)\n    at process.processTicksAndRejections (node:internal/process/task_queues:105:5)\n    at async NeonHttpPreparedQuery.execute (file:///D:/devops/Acquisitions/node_modules/drizzle-orm/neon-http/session.js:45:20)\n    at async createUser (file:///D:/devops/Acquisitions/src/services/auth.service.js:29:23)\n    at async signup (file:///D:/devops/Acquisitions/src/controllers/auth.controller.js:21:18)"}
{"level":"info","message":"::1 - - [25/Oct/2025:19:13:23 +0000] \"POST /api/auth/sign-up HTTP/1.1\" 500 1163 \"-\" \"PostmanRuntime/7.49.0\"","service":"acquisitons-api"}
{"cause":{"code":"23505","constraint":"users_email_unique","detail":"Key (email)=(admin@abhay.com) already exists.","file":"nbtinsert.c","line":"667","name":"NeonDbError","routine":"_bt_check_unique","schema":"public","severity":"ERROR","table":"users"},"level":"error","message":"Error Creating the User: Failed query: insert into \"users\" (\"id\", \"name\", \"email\", \"password\", \"role\", \"created_at\", \"updated_at\") values (default, $1, $2, $3, $4, default, default) returning \"id\", \"name\", \"email\", \"role\", \"created_at\"\nparams: Admin,admin@abhay.com,$2b$10$PpwfM4Vra2xWZcsE5A4Bd.1ECt.maf5rusL/rUkOKr8/2yHR8QuVa,admin","params":["Admin","admin@abhay.com","$2b$10$PpwfM4Vra2xWZcsE5A4Bd.1ECt.maf5rusL/rUkOKr8/2yHR8QuVa","admin"],"query":"insert into \"users\" (\"id\", \"name\", \"email\", \"password\", \"role\", \"created_at\", \"updated_at\") values (default, $1, $2, $3, $4, default, default) returning \"id\", \"name\", \"email\", \"role\", \"created_at\"","service":"acquisitons-api","stack":"Error: Failed query: insert into \"users\" (\"id\", \"name\", \"email\", \"password\", \"role\", \"created_at\", \"updated_at\") values (default, $1, $2, $3, $4, default, default) returning \"id\", \"name\", \"email\", \"role\", \"created_at\"\nparams: Admin,admin@abhay.com,$2b$10$PpwfM4Vra2xWZcsE5A4Bd.1ECt.maf5rusL/rUkOKr8/2yHR8QuVa,admin\n    at NeonHttpPreparedQuery.queryWithCache (file:///D:/devops/Acquisitions/node_modules/drizzle-orm/pg-core/session.js:41:15)\n    at process.processTicksAndRejections (node:internal/process/task_queues:105:5)\n    at async NeonHttpPreparedQuery.execute (file:///D:/devops/Acquisitions/node_modules/drizzle-orm/neon-http/session.js:45:20)\n    at async createUser (file:///D:/devops/Acquisitions/src/services/auth.service.js:29:23)\n    at async signup (file:///D:/devops/Acquisitions/src/controllers/auth.controller.js:21:18)"}
{"cause":{"code":"23505","constraint":"users_email_unique","detail":"Key (email)=(admin@abhay.com) already exists.","file":"nbtinsert.c","line":"667","name":"NeonDbError","routine":"_bt_check_unique","schema":"public","severity":"ERROR","table":"users"},"level":"error","message":"Signup Error Failed query: insert into \"users\" (\"id\", \"name\", \"email\", \"password\", \"role\", \"created_at\", \"updated_at\") values (default, $1, $2, $3, $4, default, default) returning \"id\", \"name\", \"email\", \"role\", \"created_at\"\nparams: Admin,admin@abhay.com,$2b$10$PpwfM4Vra2xWZcsE5A4Bd.1ECt.maf5rusL/rUkOKr8/2yHR8QuVa,admin","params":["Admin","admin@abhay.com","$2b$10$PpwfM4Vra2xWZcsE5A4Bd.1ECt.maf5rusL/rUkOKr8/2yHR8QuVa","admin"],"query":"insert into \"users\" (\"id\", \"name\", \"email\", \"password\", \"role\", \"created_at\", \"updated_at\") values (default, $1, $2, $3, $4, default, default) returning \"id\", \"name\", \"email\", \"role\", \"created_at\"","service":"acquisitons-api","stack":"Error: Failed query: insert into \"users\" (\"id\", \"name\", \"email\", \"password\", \"role\", \"created_at\", \"updated_at\") values (default, $1, $2, $3, $4, default, default) returning \"id\", \"name\", \"email\", \"role\", \"created_at\"\nparams: Admin,admin@abhay.com,$2b$10$PpwfM4Vra2xWZcsE5A4Bd.1ECt.maf5rusL/rUkOKr8/2yHR8QuVa,admin\n    at NeonHttpPreparedQuery.queryWithCache (file:///D:/devops/Acquisitions/node_modules/drizzle-orm/pg-core/session.js:41:15)\n    at process.processTicksAndRejections (node:internal/process/task_queues:105:5)\n    at async NeonHttpPreparedQuery.execute (file:///D:/devops/Acquisitions/node_modules/drizzle-orm/neon-http/session.js:45:20)\n    at async createUser (file:///D:/devops/Acquisitions/src/services/auth.service.js:29:23)\n    at async signup (file:///D:/devops/Acquisitions/src/controllers/auth.controller.js:21:18)"}
{"level":"info","message":"::1 - - [25/Oct/2025:19:14:55 +0000] \"POST /api/auth/sign-up HTTP/1.1\" 500 1163 \"-\" \"PostmanRuntime/7.49.0\"","service":"acquisitons-api"}
{"level":"error","message":"Error Creating the User: User Already Exists","service":"acquisitons-api","stack":"Error: User Already Exists\n    at createUser (file:///D:/devops/Acquisitions/src/services/auth.service.js:25:13)\n    at process.processTicksAndRejections (node:internal/process/task_queues:105:5)\n    at async signup (file:///D:/devops/Acquisitions/src/controllers/auth.controller.js:21:18)"}
{"level":"error","message":"Signup Error User Already Exists","service":"acquisitons-api","stack":"Error: User Already Exists\n    at createUser (file:///D:/devops/Acquisitions/src/services/auth.service.js:25:13)\n    at process.processTicksAndRejections (node:internal/process/task_queues:105:5)\n    at async signup (file:///D:/devops/Acquisitions/src/controllers/auth.controller.js:21:18)"}
{"level":"info","message":"::1 - - [25/Oct/2025:19:16:29 +0000] \"POST /api/auth/sign-up HTTP/1.1\" 500 455 \"-\" \"PostmanRuntime/7.49.0\"","service":"acquisitons-api"}
{"level":"info","message":"User","service":"acquisitons-api"}
{"level":"error","message":"Failed to Authenticate token \"expiresIn\" should be a number of seconds or string representing a timespan eg: \"1d\", \"20h\", 60","service":"acquisitons-api","stack":"Error: \"expiresIn\" should be a number of seconds or string representing a timespan eg: \"1d\", \"20h\", 60\n    at module.exports [as sign] (D:\\devops\\Acquisitions\\node_modules\\jsonwebtoken\\sign.js:213:22)\n    at Object.sign (file:///D:/devops/Acquisitions/src/utils/jwt.js:10:18)\n    at signup (file:///D:/devops/Acquisitions/src/controllers/auth.controller.js:23:28)\n    at process.processTicksAndRejections (node:internal/process/task_queues:105:5)"}
{"level":"error","message":"Signup Error Failed to authenticate token","service":"acquisitons-api","stack":"Error: Failed to authenticate token\n    at Object.sign (file:///D:/devops/Acquisitions/src/utils/jwt.js:13:13)\n    at signup (file:///D:/devops/Acquisitions/src/controllers/auth.controller.js:23:28)\n    at process.processTicksAndRejections (node:internal/process/task_queues:105:5)"}
{"level":"info","message":"::1 - - [25/Oct/2025:19:16:40 +0000] \"POST /api/auth/sign-up HTTP/1.1\" 500 447 \"-\" \"PostmanRuntime/7.49.0\"","service":"acquisitons-api"}
{"level":"error","message":"Error Creating the User: User Already Exists","service":"acquisitons-api","stack":"Error: User Already Exists\n    at createUser (file:///D:/devops/Acquisitions/src/services/auth.service.js:25:13)\n    at process.processTicksAndRejections (node:internal/process/task_queues:105:5)\n    at async signup (file:///D:/devops/Acquisitions/src/controllers/auth.controller.js:21:18)"}
{"level":"error","message":"Signup Error User Already Exists","service":"acquisitons-api","stack":"Error: User Already Exists\n    at createUser (file:///D:/devops/Acquisitions/src/services/auth.service.js:25:13)\n    at process.processTicksAndRejections (node:internal/process/task_queues:105:5)\n    at async signup (file:///D:/devops/Acquisitions/src/controllers/auth.controller.js:21:18)"}
{"level":"info","message":"::1 - - [25/Oct/2025:19:19:06 +0000] \"POST /api/auth/sign-up HTTP/1.1\" 500 455 \"-\" \"PostmanRuntime/7.49.0\"","service":"acquisitons-api"}
{"level":"info","message":"User","service":"acquisitons-api"}
{"level":"info","message":"User registered Successfully:","service":"acquisitons-api"}
{"level":"info","message":"::1 - - [25/Oct/2025:19:19:12 +0000] \"POST /api/auth/sign-up HTTP/1.1\" 201 102 \"-\" \"PostmanRuntime/7.49.0\"","service":"acquisitons-api"}
{"level":"info","message":"User","service":"acquisitons-api"}
{"level":"info","message":"User logged in Successfully:","service":"acquisitons-api"}
{"level":"info","message":"::1 - - [25/Oct/2025:19:54:18 +0000] \"POST /api/auth/sign-in HTTP/1.1\" 200 101 \"-\" \"PostmanRuntime/7.49.0\"","service":"acquisitons-api"}
{"level":"info","message":"User logged out Successfully","service":"acquisitons-api"}
{"level":"info","message":"::1 - - [25/Oct/2025:19:54:32 +0000] \"POST /api/auth/sign-out HTTP/1.1\" 200 29 \"-\" \"PostmanRuntime/7.49.0\"","service":"acquisitons-api"}
{"level":"info","message":"::1 - - [25/Oct/2025:20:26:47 +0000] \"POST / HTTP/1.1\" 500 91 \"-\" \"PostmanRuntime/7.49.0\"","service":"acquisitons-api"}
{"level":"info","message":"::1 - - [25/Oct/2025:20:27:26 +0000] \"POST / HTTP/1.1\" 500 91 \"-\" \"PostmanRuntime/7.49.0\"","service":"acquisitons-api"}
{"level":"error","message":"Arcjet middleware error guest is not defined","service":"acquisitons-api","stack":"ReferenceError: guest is not defined\n    at securityMiddleware (file:///D:/devops/Acquisitions/src/middleware/security.middleware.js:7:36)\n    at Layer.handleRequest (D:\\devops\\Acquisitions\\node_modules\\router\\lib\\layer.js:152:17)\n    at trimPrefix (D:\\devops\\Acquisitions\\node_modules\\router\\index.js:342:13)\n    at D:\\devops\\Acquisitions\\node_modules\\router\\index.js:297:9\n    at processParams (D:\\devops\\Acquisitions\\node_modules\\router\\index.js:582:12)\n    at next (D:\\devops\\Acquisitions\\node_modules\\router\\index.js:291:5)\n    at logger (D:\\devops\\Acquisitions\\node_modules\\morgan\\index.js:144:5)\n    at Layer.handleRequest (D:\\devops\\Acquisitions\\node_modules\\router\\lib\\layer.js:152:17)\n    at trimPrefix (D:\\devops\\Acquisitions\\node_modules\\router\\index.js:342:13)\n    at D:\\devops\\Acquisitions\\node_modules\\router\\index.js:297:9"}
{"level":"info","message":"::1 - - [25/Oct/2025:20:28:01 +0000] \"POST / HTTP/1.1\" 500 91 \"-\" \"PostmanRuntime/7.49.0\"","service":"acquisitons-api"}
{"level":"error","message":"Arcjet middleware error guest is not defined","service":"acquisitons-api","stack":"ReferenceError: guest is not defined\n    at securityMiddleware (file:///D:/devops/Acquisitions/src/middleware/security.middleware.js:7:36)\n    at Layer.handleRequest (D:\\devops\\Acquisitions\\node_modules\\router\\lib\\layer.js:152:17)\n    at trimPrefix (D:\\devops\\Acquisitions\\node_modules\\router\\index.js:342:13)\n    at D:\\devops\\Acquisitions\\node_modules\\router\\index.js:297:9\n    at processParams (D:\\devops\\Acquisitions\\node_modules\\router\\index.js:582:12)\n    at next (D:\\devops\\Acquisitions\\node_modules\\router\\index.js:291:5)\n    at logger (D:\\devops\\Acquisitions\\node_modules\\morgan\\index.js:144:5)\n    at Layer.handleRequest (D:\\devops\\Acquisitions\\node_modules\\router\\lib\\layer.js:152:17)\n    at trimPrefix (D:\\devops\\Acquisitions\\node_modules\\router\\index.js:342:13)\n    at D:\\devops\\Acquisitions\\node_modules\\router\\index.js:297:9"}
{"level":"info","message":"::1 - - [25/Oct/2025:20:28:08 +0000] \"GET / HTTP/1.1\" 500 91 \"-\" \"PostmanRuntime/7.49.0\"","service":"acquisitons-api"}
{"level":"info","message":"::1 - - [25/Oct/2025:20:28:18 +0000] \"GET / HTTP/1.1\" 500 91 \"-\" \"PostmanRuntime/7.49.0\"","service":"acquisitons-api"}
{"level":"info","message":"Arcjet middleware error guest is not defined","service":"acquisitons-api","stack":"ReferenceError: guest is not defined\n    at securityMiddleware (file:///D:/devops/Acquisitions/src/middleware/security.middleware.js:7:36)\n    at Layer.handleRequest (D:\\devops\\Acquisitions\\node_modules\\router\\lib\\layer.js:152:17)\n    at trimPrefix (D:\\devops\\Acquisitions\\node_modules\\router\\index.js:342:13)\n    at D:\\devops\\Acquisitions\\node_modules\\router\\index.js:297:9\n    at processParams (D:\\devops\\Acquisitions\\node_modules\\router\\index.js:582:12)\n    at next (D:\\devops\\Acquisitions\\node_modules\\router\\index.js:291:5)\n    at logger (D:\\devops\\Acquisitions\\node_modules\\morgan\\index.js:144:5)\n    at Layer.handleRequest (D:\\devops\\Acquisitions\\node_modules\\router\\lib\\layer.js:152:17)\n    at trimPrefix (D:\\devops\\Acquisitions\\node_modules\\router\\index.js:342:13)\n    at D:\\devops\\Acquisitions\\node_modules\\router\\index.js:297:9"}
{"level":"info","message":"::1 - - [25/Oct/2025:20:28:34 +0000] \"GET / HTTP/1.1\" 500 91 \"-\" \"PostmanRuntime/7.49.0\"","service":"acquisitons-api"}
{"level":"info","message":"Arcjet middleware error guest is not defined","service":"acquisitons-api","stack":"ReferenceError: guest is not defined\n    at securityMiddleware (file:///D:/devops/Acquisitions/src/middleware/security.middleware.js:7:36)\n    at Layer.handleRequest (D:\\devops\\Acquisitions\\node_modules\\router\\lib\\layer.js:152:17)\n    at trimPrefix (D:\\devops\\Acquisitions\\node_modules\\router\\index.js:342:13)\n    at D:\\devops\\Acquisitions\\node_modules\\router\\index.js:297:9\n    at processParams (D:\\devops\\Acquisitions\\node_modules\\router\\index.js:582:12)\n    at next (D:\\devops\\Acquisitions\\node_modules\\router\\index.js:291:5)\n    at logger (D:\\devops\\Acquisitions\\node_modules\\morgan\\index.js:144:5)\n    at Layer.handleRequest (D:\\devops\\Acquisitions\\node_modules\\router\\lib\\layer.js:152:17)\n    at trimPrefix (D:\\devops\\Acquisitions\\node_modules\\router\\index.js:342:13)\n    at D:\\devops\\Acquisitions\\node_modules\\router\\index.js:297:9"}
{"level":"info","message":"::1 - - [25/Oct/2025:20:28:40 +0000] \"GET / HTTP/1.1\" 500 91 \"-\" \"PostmanRuntime/7.49.0\"","service":"acquisitons-api"}
{"level":"info","message":"::1 - - [25/Oct/2025:20:29:28 +0000] \"GET /api HTTP/1.1\" 500 91 \"-\" \"PostmanRuntime/7.49.0\"","service":"acquisitons-api"}
{"level":"info","message":"::1 - - [25/Oct/2025:20:29:36 +0000] \"POST /api HTTP/1.1\" 500 91 \"-\" \"PostmanRuntime/7.49.0\"","service":"acquisitons-api"}
{"level":"info","message":"::1 - - [25/Oct/2025:20:30:18 +0000] \"POST /health HTTP/1.1\" 500 91 \"-\" \"PostmanRuntime/7.49.0\"","service":"acquisitons-api"}
{"level":"info","message":"::1 - - [25/Oct/2025:20:31:09 +0000] \"GET /health HTTP/1.1\" 500 91 \"-\" \"PostmanRuntime/7.49.0\"","service":"acquisitons-api"}
{"level":"info","message":"::1 - - [25/Oct/2025:20:31:55 +0000] \"GET /health HTTP/1.1\" 500 91 \"-\" \"PostmanRuntime/7.49.0\"","service":"acquisitons-api"}
{"ip":"::1","level":"warn","message":"Bot Request Blocked","path":"/health","service":"acquisitons-api","userAgent":"PostmanRuntime/7.49.0"}
{"level":"info","message":"::1 - - [25/Oct/2025:20:32:34 +0000] \"GET /health HTTP/1.1\" 403 68 \"-\" \"PostmanRuntime/7.49.0\"","service":"acquisitons-api"}
{"ip":"::1","level":"warn","message":"Bot Request Blocked","path":"/health","service":"acquisitons-api","userAgent":"PostmanRuntime/7.49.0"}
{"level":"info","message":"::1 - - [25/Oct/2025:20:32:39 +0000] \"GET /health HTTP/1.1\" 403 68 \"-\" \"PostmanRuntime/7.49.0\"","service":"acquisitons-api"}
{"ip":"::1","level":"warn","message":"Bot Request Blocked","path":"/health","service":"acquisitons-api","userAgent":"PostmanRuntime/7.49.0"}
{"level":"info","message":"::1 - - [25/Oct/2025:20:33:01 +0000] \"GET /health HTTP/1.1\" 403 68 \"-\" \"PostmanRuntime/7.49.0\"","service":"acquisitons-api"}
{"ip":"::1","level":"warn","message":"Bot Request Blocked","path":"/health","service":"acquisitons-api","userAgent":"PostmanRuntime/7.49.0"}
{"level":"info","message":"::1 - - [25/Oct/2025:20:33:35 +0000] \"GET /health HTTP/1.1\" 403 68 \"-\" \"PostmanRuntime/7.49.0\"","service":"acquisitons-api"}
{"ip":"::1","level":"warn","message":"Bot Request Blocked","path":"/health","service":"acquisitons-api","userAgent":"PostmanRuntime/7.49.0"}
{"level":"info","message":"::1 - - [25/Oct/2025:20:34:32 +0000] \"GET /health HTTP/1.1\" 403 68 \"-\" \"PostmanRuntime/7.49.0\"","service":"acquisitons-api"}
{"ip":"::1","level":"warn","message":"Bot Request Blocked","path":"/health","service":"acquisitons-api","userAgent":"PostmanRuntime/7.49.0"}
{"level":"info","message":"::1 - - [25/Oct/2025:20:36:51 +0000] \"GET /health HTTP/1.1\" 403 68 \"-\" \"PostmanRuntime/7.49.0\"","service":"acquisitons-api"}
{"ip":"::1","level":"warn","message":"Bot Request Blocked","path":"/health","service":"acquisitons-api","userAgent":"PostmanRuntime/7.49.0"}
{"level":"info","message":"::1 - - [25/Oct/2025:20:37:36 +0000] \"GET /health HTTP/1.1\" 403 68 \"-\" \"PostmanRuntime/7.49.0\"","service":"acquisitons-api"}
{"ip":"::1","level":"warn","message":"Bot Request Blocked","path":"/health","service":"acquisitons-api","userAgent":"PostmanRuntime/7.49.0"}
{"level":"info","message":"::1 - - [25/Oct/2025:20:39:08 +0000] \"GET /health HTTP/1.1\" 403 68 \"-\" \"PostmanRuntime/7.49.0\"","service":"acquisitons-api"}
{"ip":"::1","level":"warn","message":"Bot Request Blocked","path":"/health","service":"acquisitons-api","userAgent":"PostmanRuntime/7.49.0"}
{"level":"info","message":"::1 - - [25/Oct/2025:20:41:28 +0000] \"GET /health HTTP/1.1\" 403 68 \"-\" \"PostmanRuntime/7.49.0\"","service":"acquisitons-api"}
{"ip":"::1","level":"warn","message":"Bot Request Blocked","path":"/health","service":"acquisitons-api","userAgent":"PostmanRuntime/7.49.0"}
{"level":"info","message":"::1 - - [25/Oct/2025:20:43:33 +0000] \"GET /health HTTP/1.1\" 403 68 \"-\" \"PostmanRuntime/7.49.0\"","service":"acquisitons-api"}
{"level":"info","message":"::1 - - [25/Oct/2025:20:45:27 +0000] \"GET /health HTTP/1.1\" 200 73 \"-\" \"PostmanRuntime/7.49.0\"","service":"acquisitons-api"}
